Removed Pin From Net: NetName=VIN Pin=C27-1
Removed Pin From Net: NetName=AGND Pin=C27-2
Removed Pin From Net: NetName=VIN Pin=IC8-1
Removed Pin From Net: NetName=AGND Pin=IC8-2
Removed Pin From Net: NetName=+5V Pin=IC8-3
Removed Member From Class: ClassName=U_Fuente Member=IC8
Change Component DesignItemId : Designator=C27 Old DesignItemId=Cap1 New DesignItemId=CAP
Change Component DesignItemId : Designator=C28 Old DesignItemId=Cap1 New DesignItemId=CAP
Change Component Comment : Designator=C28 Old Comment=100nF 6V3 Ceramic New Comment=10uF 10V X7R
Change Component Comment : Designator=C27 Old Comment=330nF 50V Ceramic New Comment=100nF 16V X7R
Change Component Library : Designator=C27 Old Library=TDII_Lib_V2.SchLib New Library=Custom_Sch.Lib
Change Component Library : Designator=C28 Old Library=TDII_Lib_V2.SchLib New Library=Custom_Sch.Lib
Added Component: Designator=C39(C_0805)
Added Component: Designator=C40(C_0805)
Added Component: Designator=D5(1N4148WS)
Added Component: Designator=D6(SOD_123)
Added Component: Designator=L2(VLCF5028)
Added Component: Designator=R17(R_0805)
Added Component: Designator=R28(R_0805)
Added Pin To Net: NetName=+5V Pin=C39-1
Added Pin To Net: NetName=AGND Pin=C39-2
Added Pin To Net: NetName=VIN Pin=C40-1
Added Pin To Net: NetName=AGND Pin=C40-2
Added Pin To Net: NetName=AGND Pin=D6-1
Added Pin To Net: NetName=+5V Pin=L2-2
Added Pin To Net: NetName=+5V Pin=R17-2
Added Pin To Net: NetName=AGND Pin=R28-1
Added Pin To Net: NetName=NetC27_1 Pin=C27-1
Added Net: Name=NetC27_1
Added Pin To Net: NetName=NetC27_2 Pin=C27-2
Added Pin To Net: NetName=NetC27_2 Pin=D6-2
Added Pin To Net: NetName=NetC27_2 Pin=L2-1
Added Net: Name=NetC27_2
Added Pin To Net: NetName=NetIC6_3 Pin=R17-1
Added Pin To Net: NetName=NetIC6_3 Pin=R28-2
Added Net: Name=NetIC6_3
Added Member To Class: ClassName=U_Fuente Member=Component C39 10uF 10V X7R
Added Member To Class: ClassName=U_Fuente Member=Component C40 2.2uF 50V X7R
Added Member To Class: ClassName=U_Fuente Member=Component D5 1N4148WS
Added Member To Class: ClassName=U_Fuente Member=Component D6 MBRX160TP
Added Member To Class: ClassName=U_Fuente Member=Component L2 LQH44PN220MP0L
Added Member To Class: ClassName=U_Fuente Member=Component R17 30K9 1%
Added Member To Class: ClassName=U_Fuente Member=Component R28 10K 1%
Added Room: Name=U_adc
Added Room: Name=U_AGC
Added Room: Name=U_Fuente
Added Room: Name=U_Signal_imputs
Added Room: Name=U_uc
