C51 COMPILER V9.56.0.0   MAIN                                                              03/31/2017 16:14:37 PAGE 1   


C51 COMPILER V9.56.0.0, COMPILATION OF MODULE MAIN
OBJECT MODULE PLACED IN .\obj\main.obj
COMPILER INVOKED BY: d:\Keil_v5\C51\BIN\C51.EXE USER\main.c LARGE BROWSE INCDIR(.\font;.\LCD;.\sys;.\touch;.\GUI;.\USER)
                    - DEBUG OBJECTEXTEND PRINT(.\main.lst) TABS(2) OBJECT(.\obj\main.obj)

line level    source

   1          #include "sys.h"
   2          #include "lcd.h"
   3          
   4          //////////////////////////////////////////////////////////////////////////////////   
   5          //本程序只供学习使用，未经作者许可，不得用于其它任何用途
   6          //测试硬件：单片机STC12LE5A60S2,晶振30M  单片机工作电压3.3V
   7          //QDtech-TFT液晶驱动 for C51
   8          //xiao冯@ShenZhen QDtech co.,LTD
   9          //公司网站:www.qdtech.net
  10          //淘宝网站：http://qdtech.taobao.com
  11          //我司提供技术支持，任何技术问题欢迎随时交流学习
  12          //固话(传真) :+86 0755-23594567 
  13          //手机:15989313508（冯工） 
  14          //邮箱:QDtech2008@gmail.com 
  15          //Skype:QDtech2008
  16          //技术交流QQ群:324828016
  17          //创建日期:2013/5/13
  18          //版本：V1.1
  19          //版权所有，盗版必究。
  20          //Copyright(C) 深圳市全动电子技术有限公司 2009-2019
  21          //All rights reserved
  22          //********************************************************************************
  23          
  24          /****************************************************************************************************
  25          //=========================================电源接线================================================//
  26          //5V接DC 5V电源
  27          //GND接地
  28          //=======================================液晶屏数据线接线==========================================//
  29          //本模块默认数据总线类型为8位并行模式
  30          //8位模式接线：8位模式9481模块接高8位总线，即:
  31          //液晶屏LCD_D0对应单片机P2.0
  32          //液晶屏LCD_D1对应单片机P2.1
  33          //液晶屏LCD_D2对应单片机P2.2
  34          //液晶屏LCD_D3对应单片机P2.3
  35          //液晶屏LCD_D4对应单片机P2.4
  36          //液晶屏LCD_D5对应单片机P2.5
  37          //液晶屏LCD_D6对应单片机P2.6
  38          //液晶屏LCD_D7对应单片机P2.7
  39          //=======================================液晶屏控制线接线==========================================//
  40          //LCD_RST 接P3.3  //复位信号
  41          //LCD_CS  接P1.3  //片选信号
  42          //LCD_RS  接P1.2  //寄存器/数据选择信号
  43          //LCD_WR  接P1.1  //写信号
  44          //LCD_RD  接P1.0  //读信号
  45          //=========================================触摸屏触接线=========================================//
  46          //本模块触摸测试需连接外部XPT2046触摸采样芯片，所以本程序不进行触摸测试。
  47          //不使用触摸或者模块本身不带触摸，则可不连接
  48          **************************************************************************************************/ 
  49          
  50          //STC单片机IO推挽输出设置定义
  51          //其他普通C51单片机无此配置请屏蔽下面这条语句
  52          sfr P3M1  = 0xB1; //P3M1.n,P3M0.n   =00--->Standard,  01--->push-pull
  53          sfr P3M0  = 0xB2; //          =10--->pure input,  11--->open drain
  54          
C51 COMPILER V9.56.0.0   MAIN                                                              03/31/2017 16:14:37 PAGE 2   

  55          //主函数
  56          void main(void)
  57          { 
  58   1      
  59   1        //设置STC_12LE5A60S2单片机的P3.2为推挽输出，用于控制背光亮灭
  60   1        //其他普通C51单片机无此配置请屏蔽下面这条语句
  61   1        P3M1 &= ~(1<<2),P3M0 |=  (1<<2); 
  62   1      
  63   1        //液晶屏初始化
  64   1        LCD_Init();
  65   1      
  66   1        //循环进行各项测试  
  67   1        while(1)
  68   1        { 
  69   2          LCD_Clear(RED);delay_ms(1000);  delay_ms(1000); 
  70   2          LCD_Clear(GREEN);delay_ms(1000);  delay_ms(1000); 
  71   2          LCD_Clear(BLUE);delay_ms(1000); delay_ms(1000); 
  72   2        }   
  73   1      }


MODULE INFORMATION:   STATIC OVERLAYABLE
   CODE SIZE        =     74    ----
   CONSTANT SIZE    =   ----    ----
   XDATA SIZE       =   ----    ----
   PDATA SIZE       =   ----    ----
   DATA SIZE        =   ----    ----
   IDATA SIZE       =   ----    ----
   BIT SIZE         =   ----    ----
END OF MODULE INFORMATION.


C51 COMPILATION COMPLETE.  0 WARNING(S),  0 ERROR(S)
