Removed Pin From Net: NetName=GPIO0.4 Pin=CONN1-6
Removed Pin From Net: NetName=GPIO0.5 Pin=CONN1-7
Removed Pin From Net: NetName=GPIO0.6 Pin=CONN1-8
Removed Pin From Net: NetName=GPIO0.8 Pin=CONN1-10
Removed Pin From Net: NetName=GPIO0.9 Pin=CONN1-11
Removed Pin From Net: NetName=GPIO0.10 Pin=CONN1-12
Removed Pin From Net: NetName=GPIO0.11 Pin=CONN1-13
Removed Pin From Net: NetName=GPIO0.15 Pin=CONN1-14
Removed Pin From Net: NetName=GPIO0.16 Pin=CONN2-1
Removed Pin From Net: NetName=GPIO0.17 Pin=CONN2-2
Removed Pin From Net: NetName=GPIO0.18 Pin=CONN2-3
Removed Pin From Net: NetName=GPIO0.19 Pin=CONN2-4
Removed Pin From Net: NetName=GPIO0.20 Pin=CONN2-5
Removed Pin From Net: NetName=GPIO0.21 Pin=CONN2-6
Removed Pin From Net: NetName=SCK Pin=CONN2-10
Removed Pin From Net: NetName=SSEL Pin=CONN2-11
Removed Pin From Net: NetName=SSEL Pin=CONN3-1
Removed Pin From Net: NetName=T_IRQ Pin=CONN3-2
Removed Pin From Net: NetName=T_CS Pin=CONN3-5
Removed Pin From Net: NetName=D/C Pin=CONN3-8
Removed Pin From Net: NetName=GND Pin=CONN3-10
Removed Pin From Net: NetName=SD_CS Pin=CONN3-12
Removed Pin From Net: NetName=SCK Pin=CONN3-16
Removed Pin From Net: NetName=MOSI Pin=CONN3-18
Removed Pin From Net: NetName=T_CS Pin=U1-27
Removed Pin From Net: NetName=T_IRQ Pin=U1-45
Removed Pin From Net: NetName=GPIO0.10 Pin=U1-48
Removed Pin From Net: NetName=GPIO0.11 Pin=U1-49
Removed Pin From Net: NetName=GPIO0.8 Pin=U1-77
Removed Pin From Net: NetName=GPIO0.7 Pin=U1-78
Removed Pin From Net: NetName=D/C Pin=U1-87
Change Component DesignItemId : Designator=CONN3 Old DesignItemId=CON_16 New DesignItemId=CON_18
Added Pin To Net: NetName=GPIO0.8 Pin=CONN1-6
Added Pin To Net: NetName=GPIO0.11 Pin=CONN1-7
Added Pin To Net: NetName=GPIO0.9 Pin=CONN1-8
Added Pin To Net: NetName=GPIO0.10 Pin=CONN1-10
Added Pin To Net: NetName=D/C Pin=CONN1-11
Added Pin To Net: NetName=SSEL Pin=CONN1-12
Added Pin To Net: NetName=T_CS Pin=CONN1-13
Added Pin To Net: NetName=T_IRQ Pin=CONN1-14
Added Pin To Net: NetName=GPIO0.4 Pin=CONN2-1
Added Pin To Net: NetName=GPIO0.5 Pin=CONN2-2
Added Pin To Net: NetName=GPIO0.6 Pin=CONN2-3
Added Pin To Net: NetName=GPIO0.15 Pin=CONN2-4
Added Pin To Net: NetName=GPIO0.16 Pin=CONN2-5
Added Pin To Net: NetName=GPIO0.17 Pin=CONN2-6
Added Pin To Net: NetName=GPIO0.18 Pin=CONN2-7
Added Pin To Net: NetName=GPIO0.19 Pin=CONN2-8
Added Pin To Net: NetName=GPIO0.20 Pin=CONN2-9
Added Pin To Net: NetName=GPIO0.21 Pin=CONN2-10
Added Pin To Net: NetName=SCK Pin=CONN2-11
Added Pin To Net: NetName=SD_CS Pin=CONN2-12
Added Pin To Net: NetName=T_IRQ Pin=CONN3-1
Added Pin To Net: NetName=MISO Pin=CONN3-2
Added Pin To Net: NetName=MOSI Pin=CONN3-3
Added Pin To Net: NetName=T_CS Pin=CONN3-4
Added Pin To Net: NetName=SCK Pin=CONN3-5
Added Pin To Net: NetName=MISO Pin=CONN3-6
Added Pin To Net: NetName=VCC Pin=CONN3-7
Added Pin To Net: NetName=SCK Pin=CONN3-8
Added Pin To Net: NetName=MOSI Pin=CONN3-9
Added Pin To Net: NetName=D/C Pin=CONN3-10
Added Pin To Net: NetName=SSEL Pin=CONN3-12
Added Pin To Net: NetName=GND Pin=CONN3-13
Added Pin To Net: NetName=VCC Pin=CONN3-14
Added Pin To Net: NetName=SD_CS Pin=CONN3-15
Added Pin To Net: NetName=MOSI Pin=CONN3-16
Added Pin To Net: NetName=SCK Pin=CONN3-18
Added Pin To Net: NetName=D/C Pin=U1-36
Added Pin To Net: NetName=T_CS Pin=U1-40
Added Pin To Net: NetName=T_IRQ Pin=U1-43
Added Pin To Net: NetName=GPIO0.7 Pin=U1-48
Added Pin To Net: NetName=GPIO0.10 Pin=U1-49
Added Pin To Net: NetName=GPIO0.11 Pin=U1-77
Added Pin To Net: NetName=GPIO0.8 Pin=U1-78
Change Net Name : Old Net Name=GPIO0.7 New Net Name=LCD_WR
Change Net Name : Old Net Name=GPIO0.8 New Net Name=LCD_RST
Change Net Name : Old Net Name=GPIO0.9 New Net Name=LCD_RS
Change Net Name : Old Net Name=GPIO0.10 New Net Name=LCD_RD
Change Net Name : Old Net Name=GPIO0.11 New Net Name=LCD_CS
Change Net Name : Old Net Name=SCL1 New Net Name=GPIO0.1
Change Net Name : Old Net Name=SDA1 New Net Name=GPIO0.0
