Change Component Designator: Old Designator=c1 New Designator=c?
Change Component Designator: Old Designator=c2 New Designator=c?
Change Component Designator: Old Designator=c3 New Designator=c?
Change Component Designator: Old Designator=c4 New Designator=c?
Change Component Designator: Old Designator=c5 New Designator=c?
Change Component Designator: Old Designator=c6 New Designator=c?
Change Component Designator: Old Designator=c7 New Designator=c?
Change Component Designator: Old Designator=c8 New Designator=c?
Change Component Designator: Old Designator=c9 New Designator=c?
Change Component Designator: Old Designator=c10 New Designator=c?
Change Component Designator: Old Designator=c11 New Designator=c?
Change Component Designator: Old Designator=c12 New Designator=c?
Change Component Designator: Old Designator=c35 New Designator=c?
Change Component Designator: Old Designator=CN2 New Designator=CN?
Change Component Designator: Old Designator=CONN1 New Designator=CONN?
Change Component Designator: Old Designator=CONN2 New Designator=CONN?
Change Component Designator: Old Designator=CONN3 New Designator=CONN?
Change Component Designator: Old Designator=R1 New Designator=R?
Change Component Designator: Old Designator=R2 New Designator=R?
Change Component Designator: Old Designator=R3 New Designator=R?
Change Component Designator: Old Designator=R4 New Designator=R?
Change Component Designator: Old Designator=R5 New Designator=R?
Change Component Designator: Old Designator=R7 New Designator=R?
Change Component Designator: Old Designator=R36 New Designator=R?
Change Component Designator: Old Designator=U1 New Designator=U?
Change Component Designator: Old Designator=X1 New Designator=X?
