Change Component Designator: Old Designator=c28 New Designator=c?
Change Component Designator: Old Designator=c29 New Designator=c?
Change Component Designator: Old Designator=c30 New Designator=c?
Change Component Designator: Old Designator=c31 New Designator=c?
Change Component Designator: Old Designator=c32 New Designator=c?
Change Component Designator: Old Designator=c33 New Designator=c?
Change Component Designator: Old Designator=c34 New Designator=c?
Change Component Designator: Old Designator=c35 New Designator=c?
Change Component Designator: Old Designator=c36 New Designator=c?
Change Component Designator: Old Designator=c37 New Designator=c?
Change Component Designator: Old Designator=c38 New Designator=c?
Change Component Designator: Old Designator=c39 New Designator=c?
Change Component Designator: Old Designator=c40 New Designator=c?
Change Component Designator: Old Designator=CN2 New Designator=CN?
Change Component Designator: Old Designator=CONN1 New Designator=CONN?
Change Component Designator: Old Designator=CONN2 New Designator=CONN?
Change Component Designator: Old Designator=CONN3 New Designator=CONN?
Change Component Designator: Old Designator=R28 New Designator=R?
Change Component Designator: Old Designator=R29 New Designator=R?
Change Component Designator: Old Designator=R30 New Designator=R?
Change Component Designator: Old Designator=R31 New Designator=R?
Change Component Designator: Old Designator=R32 New Designator=R?
Change Component Designator: Old Designator=R33 New Designator=R?
Change Component Designator: Old Designator=R34 New Designator=R?
Change Component Designator: Old Designator=U1 New Designator=U?
Change Component Designator: Old Designator=X1 New Designator=X?
