Change Component Designator: Old Designator=c? New Designator=c28
Change Component Designator: Old Designator=c? New Designator=c29
Change Component Designator: Old Designator=c? New Designator=c30
Change Component Designator: Old Designator=c? New Designator=c31
Change Component Designator: Old Designator=c? New Designator=c32
Change Component Designator: Old Designator=c? New Designator=c33
Change Component Designator: Old Designator=c? New Designator=c34
Change Component Designator: Old Designator=c? New Designator=c35
Change Component Designator: Old Designator=c? New Designator=c36
Change Component Designator: Old Designator=c? New Designator=c37
Change Component Designator: Old Designator=c? New Designator=c38
Change Component Designator: Old Designator=c? New Designator=c39
Change Component Designator: Old Designator=c? New Designator=c40
Change Component Designator: Old Designator=CN? New Designator=CN2
Change Component Designator: Old Designator=CONN? New Designator=CONN1
Change Component Designator: Old Designator=CONN? New Designator=CONN2
Change Component Designator: Old Designator=CONN? New Designator=CONN3
Change Component Designator: Old Designator=R? New Designator=R28
Change Component Designator: Old Designator=R? New Designator=R29
Change Component Designator: Old Designator=R? New Designator=R30
Change Component Designator: Old Designator=R? New Designator=R31
Change Component Designator: Old Designator=R? New Designator=R32
Change Component Designator: Old Designator=R? New Designator=R33
Change Component Designator: Old Designator=R? New Designator=R34
Change Component Designator: Old Designator=U? New Designator=U1
Change Component Designator: Old Designator=X? New Designator=X1
